[INFO:2020-03-20 02:10:46,256] =========================
[INFO:2020-03-20 02:10:46,256] === trading bot start ===
[INFO:2020-03-20 02:10:46,256] =========================
[INFO:2020-03-20 02:10:48,270] amount=0.0065, open_threshold=2000, profit_margin_diff=1000
[INFO:2020-03-20 02:10:49,982] OPENING buy-liquid(4463.413), sell-coincheck(4478.077), margin=2016, profit=14.7
[INFO:2020-03-20 02:16:14,432] open threshold changed from 2000 to 1927
[INFO:2020-03-20 02:21:39,568] open threshold changed from 1929 to 2212
[INFO:2020-03-20 02:27:05,044] open threshold changed from 2209 to 2315
[INFO:2020-03-20 02:30:23,105] CLOSING buy-coincheck(4509.0), sell-liquid(4499.046), margin=-1112, profit=-10.0
[INFO:2020-03-20 02:30:31,263] OPENING buy-liquid(4494.035), sell-coincheck(4511.877), margin=2745, profit=17.8
[INFO:2020-03-20 02:32:31,526] open threshold changed from 2318 to 2157
[INFO:2020-03-20 02:32:43,657] CLOSING buy-coincheck(4514.0), sell-liquid(4504.37), margin=-1548, profit=-9.6
[INFO:2020-03-20 02:32:48,531] OPENING buy-liquid(4506.443), sell-coincheck(4518.267), margin=2196, profit=11.8
[INFO:2020-03-20 02:37:57,021] open threshold changed from 2160 to 2213
[INFO:2020-03-20 02:43:21,200] open threshold changed from 2215 to 2299
[INFO:2020-03-20 02:46:25,494] CLOSING buy-coincheck(4549.0), sell-liquid(4543.63), margin=-937, profit=-5.4
[INFO:2020-03-20 02:46:45,729] OPENING buy-liquid(4530.247), sell-coincheck(4545.925), margin=2347, profit=15.7
[INFO:2020-03-20 02:46:53,981] CLOSING buy-coincheck(4547.0), sell-liquid(4536.623), margin=-1344, profit=-10.4
[INFO:2020-03-20 02:47:00,017] OPENING buy-liquid(4540.354), sell-coincheck(4554.193), margin=2677, profit=13.8
[INFO:2020-03-20 02:47:34,197] CLOSING buy-coincheck(4564.0), sell-liquid(4555.675), margin=-1302, profit=-8.3
[INFO:2020-03-20 02:47:37,941] OPENING buy-liquid(4555.33), sell-coincheck(4569.487), margin=2663, profit=14.2
[INFO:2020-03-20 02:48:49,103] open threshold changed from 2297 to 2344
[INFO:2020-03-20 02:49:43,844] CLOSING buy-coincheck(4591.0), sell-liquid(4588.032), margin=-1403, profit=-3.0
[INFO:2020-03-20 02:49:47,938] OPENING buy-liquid(4580.42), sell-coincheck(4603.417), margin=3538, profit=23.0
[INFO:2020-03-20 02:50:05,424] CLOSING buy-coincheck(4602.0), sell-liquid(4589.0), margin=-2165, profit=-13.0
[INFO:2020-03-20 02:50:10,563] OPENING buy-liquid(4587.778), sell-coincheck(4608.63), margin=2732, profit=20.9
[INFO:2020-03-20 02:52:21,256] CLOSING buy-coincheck(4572.0), sell-liquid(4561.622), margin=-1630, profit=-10.4
[INFO:2020-03-20 02:52:25,952] OPENING buy-liquid(4553.237), sell-coincheck(4574.96), margin=3342, profit=21.7
[INFO:2020-03-20 02:54:15,380] open threshold changed from 2338 to 2807
[INFO:2020-03-20 02:59:06,761] CLOSING buy-coincheck(4567.0), sell-liquid(4552.359), margin=-2324, profit=-14.6
[INFO:2020-03-20 02:59:20,151] OPENING buy-liquid(4559.587), sell-coincheck(4576.032), margin=2836, profit=16.4
[INFO:2020-03-20 02:59:39,634] open threshold changed from 2809 to 2619
[INFO:2020-03-20 03:03:11,420] CLOSING buy-coincheck(4521.0), sell-liquid(4516.077), margin=-595, profit=-4.9
[INFO:2020-03-20 03:03:16,134] OPENING buy-liquid(4519.71), sell-coincheck(4540.159), margin=3063, profit=20.4
[INFO:2020-03-20 03:05:05,870] open threshold changed from 2623 to 3416
[INFO:2020-03-20 03:05:58,011] CLOSING buy-coincheck(4526.0), sell-liquid(4512.391), margin=-1853, profit=-13.6
[INFO:2020-03-20 03:06:01,146] OPENING buy-liquid(4494.932), sell-coincheck(4525.046), margin=4060, profit=30.1
[INFO:2020-03-20 03:06:06,156] CLOSING buy-coincheck(4519.0), sell-liquid(4509.447), margin=-2799, profit=-9.6
[INFO:2020-03-20 03:06:26,062] OPENING buy-liquid(4498.292), sell-coincheck(4521.218), margin=3527, profit=22.9
[INFO:2020-03-20 03:07:33,353] CLOSING buy-coincheck(4511.0), sell-liquid(4497.967), margin=-2144, profit=-13.0
[INFO:2020-03-20 03:08:00,736] OPENING buy-liquid(4481.347), sell-coincheck(4506.417), margin=3857, profit=25.1
[INFO:2020-03-20 03:08:05,563] CLOSING buy-coincheck(4501.0), sell-liquid(4487.327), margin=-2584, profit=-13.7
[INFO:2020-03-20 03:08:45,805] OPENING buy-liquid(4461.288), sell-coincheck(4484.499), margin=3513, profit=23.2
[INFO:2020-03-20 03:09:13,103] CLOSING buy-coincheck(4481.0), sell-liquid(4464.895), margin=-2419, profit=-16.1
[INFO:2020-03-20 03:09:31,768] OPENING buy-liquid(4467.391), sell-coincheck(4490.473), margin=3551, profit=23.1
[INFO:2020-03-20 03:09:44,108] CLOSING buy-coincheck(4493.0), sell-liquid(4479.709), margin=-2288, profit=-13.3
[INFO:2020-03-20 03:09:53,085] OPENING buy-liquid(4478.994), sell-coincheck(4501.107), margin=3815, profit=22.1
[INFO:2020-03-20 03:10:04,203] CLOSING buy-coincheck(4491.0), sell-liquid(4478.448), margin=-2219, profit=-12.6
[INFO:2020-03-20 03:10:36,716] open threshold changed from 3420 to 2433
[INFO:2020-03-20 03:10:36,992] OPENING buy-liquid(4483.336), sell-coincheck(4504.467), margin=3251, profit=21.1
[INFO:2020-03-20 03:12:50,119] CLOSING buy-coincheck(4506.0), sell-liquid(4494.204), margin=-1910, profit=-11.8
[INFO:2020-03-20 03:13:06,741] OPENING buy-liquid(4507.678), sell-coincheck(4526.151), margin=2936, profit=18.5
[INFO:2020-03-20 03:13:20,185] CLOSING buy-coincheck(4522.0), sell-liquid(4510.135), margin=-1861, profit=-11.9
[INFO:2020-03-20 03:13:27,162] OPENING buy-liquid(4506.242), sell-coincheck(4525.02), margin=2727, profit=18.8
[INFO:2020-03-20 03:16:03,079] open threshold changed from 2442 to 2588
[INFO:2020-03-20 03:21:26,432] open threshold changed from 2589 to 3003
[INFO:2020-03-20 03:26:50,437] open threshold changed from 3006 to 3058
[INFO:2020-03-20 03:32:13,869] open threshold changed from 3054 to 3134
[INFO:2020-03-20 03:37:35,921] open threshold changed from 3138 to 3066
[INFO:2020-03-20 03:42:58,506] open threshold changed from 3056 to 3120
[INFO:2020-03-20 03:48:21,720] open threshold changed from 3124 to 2922
[INFO:2020-03-20 03:53:44,433] open threshold changed from 2925 to 2694
[INFO:2020-03-20 03:59:07,310] open threshold changed from 2695 to 2745
[INFO:2020-03-20 04:04:33,168] open threshold changed from 2742 to 2414
[INFO:2020-03-20 04:09:56,702] open threshold changed from 2409 to 2326
[INFO:2020-03-20 04:14:14,255] CLOSING buy-coincheck(4449.0), sell-liquid(4438.284), margin=-1619, profit=-10.7
[INFO:2020-03-20 04:14:20,494] OPENING buy-liquid(4441.443), sell-coincheck(4459.221), margin=2735, profit=17.8
[INFO:2020-03-20 04:15:21,582] open threshold changed from 2330 to 2054
[INFO:2020-03-20 04:19:16,497] CLOSING buy-coincheck(4469.0), sell-liquid(4471.35), margin=-479, profit=2.3
[INFO:2020-03-20 04:19:39,922] OPENING buy-liquid(4472.202), sell-coincheck(4487.327), margin=2327, profit=15.1
[INFO:2020-03-20 04:20:33,996] CLOSING buy-coincheck(4494.0), sell-liquid(4487.256), margin=-1280, profit=-6.7
[INFO:2020-03-20 04:20:45,313] OPENING buy-liquid(4491.467), sell-coincheck(4505.202), margin=2347, profit=13.7
[INFO:2020-03-20 04:20:47,704] open threshold changed from 2051 to 1508
[INFO:2020-03-20 04:24:47,676] CLOSING buy-coincheck(4484.0), sell-liquid(4477.519), margin=-1291, profit=-6.5
[INFO:2020-03-20 04:25:04,509] OPENING buy-liquid(4479.514), sell-coincheck(4491.363), margin=1823, profit=11.8
[INFO:2020-03-20 04:26:12,546] open threshold changed from 1509 to 1440
[INFO:2020-03-20 04:29:15,848] CLOSING buy-coincheck(4472.0), sell-liquid(4469.4), margin=-440, profit=-2.6
[INFO:2020-03-20 04:29:26,149] OPENING buy-liquid(4479.709), sell-coincheck(4485.533), margin=1466, profit=5.8
[INFO:2020-03-20 04:31:37,805] open threshold changed from 1433 to 1000
[INFO:2020-03-20 04:33:10,482] CLOSING buy-coincheck(4479.0), sell-liquid(4476.771), margin=-393, profit=-2.2
[INFO:2020-03-20 04:33:21,603] OPENING buy-liquid(4479.93), sell-coincheck(4484.129), margin=1070, profit=4.2
[INFO:2020-03-20 04:37:01,734] open threshold changed from 1000 to 1000
[INFO:2020-03-20 04:42:24,186] open threshold changed from 1000 to 1000
[INFO:2020-03-20 04:44:55,291] CLOSING buy-coincheck(4486.0), sell-liquid(4492.839), margin=1049, profit=6.8
[INFO:2020-03-20 04:44:56,857] OPENING buy-coincheck(4486.0), sell-liquid(4492.839), margin=1049, profit=6.8
[INFO:2020-03-20 04:44:58,537] CLOSING buy-liquid(4493.769), sell-coincheck(4504.48), margin=1648, profit=10.7
[INFO:2020-03-20 04:45:00,013] OPENING buy-liquid(4493.769), sell-coincheck(4504.48), margin=1648, profit=10.7
[INFO:2020-03-20 04:45:18,638] CLOSING buy-coincheck(4504.0), sell-liquid(4500.515), margin=-564, profit=-3.5
[INFO:2020-03-20 04:45:21,224] OPENING buy-liquid(4506.788), sell-coincheck(4512.17), margin=1614, profit=5.4
[INFO:2020-03-20 04:46:14,375] CLOSING buy-coincheck(4499.0), sell-liquid(4497.506), margin=-548, profit=-1.5
[INFO:2020-03-20 04:46:15,930] OPENING buy-liquid(4497.935), sell-coincheck(4506.417), margin=1393, profit=8.5
[INFO:2020-03-20 04:47:50,713] open threshold changed from 1000 to 1000
[INFO:2020-03-20 04:53:13,070] open threshold changed from 1000 to 1141
[INFO:2020-03-20 04:58:35,426] open threshold changed from 1140 to 1000
[INFO:2020-03-20 05:03:57,681] open threshold changed from 1000 to 1380
[INFO:2020-03-20 05:09:19,665] open threshold changed from 1384 to 1851
[INFO:2020-03-20 05:14:41,282] open threshold changed from 1853 to 1981
[INFO:2020-03-20 05:20:03,553] open threshold changed from 1978 to 2262
[INFO:2020-03-20 05:25:26,026] open threshold changed from 2259 to 2361
[INFO:2020-03-20 05:30:47,878] open threshold changed from 2362 to 1468
[INFO:2020-03-20 05:36:10,943] open threshold changed from 1467 to 1306
[INFO:2020-03-20 05:41:34,880] open threshold changed from 1303 to 1133
[INFO:2020-03-20 05:46:58,090] open threshold changed from 1132 to 1000
[INFO:2020-03-20 05:48:02,632] CLOSING buy-coincheck(4488.0), sell-liquid(4486.163), margin=-370, profit=-1.8
[INFO:2020-03-20 05:48:05,341] OPENING buy-liquid(4486.95), sell-coincheck(4495.959), margin=1248, profit=9.0
[INFO:2020-03-20 05:52:22,114] open threshold changed from 1000 to 1183
[INFO:2020-03-20 05:57:44,474] open threshold changed from 1183 to 1104
[INFO:2020-03-20 06:03:06,841] open threshold changed from 1102 to 1000
[INFO:2020-03-20 06:07:14,188] CLOSING buy-coincheck(4508.0), sell-liquid(4507.756), margin=-195, profit=-0.2
[INFO:2020-03-20 06:08:15,326] OPENING buy-liquid(4505.41), sell-coincheck(4511.377), margin=1006, profit=6.0
[INFO:2020-03-20 06:08:32,925] open threshold changed from 1000 to 1000
[INFO:2020-03-20 06:13:55,694] open threshold changed from 1000 to 1000
[INFO:2020-03-20 06:19:18,110] open threshold changed from 1000 to 1000
[INFO:2020-03-20 06:24:40,807] open threshold changed from 1000 to 1079
[INFO:2020-03-20 06:30:03,812] open threshold changed from 1078 to 1000
[INFO:2020-03-20 06:35:26,042] open threshold changed from 1000 to 1000
[INFO:2020-03-20 06:40:49,161] open threshold changed from 1000 to 1000
[INFO:2020-03-20 06:46:11,757] open threshold changed from 1000 to 1000
[INFO:2020-03-20 06:51:34,865] open threshold changed from 1000 to 1000
[INFO:2020-03-20 06:55:00,628] liquid is currently daily server maintenance...(6:55-7:05)
[INFO:2020-03-20 07:06:56,995] open threshold changed from 1000 to 1000
[INFO:2020-03-20 07:12:18,769] open threshold changed from 1000 to 1000
[INFO:2020-03-20 07:17:42,096] open threshold changed from 1000 to 1000
[INFO:2020-03-20 07:23:05,502] open threshold changed from 1000 to 1000
[INFO:2020-03-20 07:25:42,650] CLOSING buy-coincheck(4556.0), sell-liquid(4557.657), margin=360, profit=1.7
[INFO:2020-03-20 07:26:39,005] OPENING buy-liquid(4550.221), sell-coincheck(4557.52), margin=1123, profit=7.3
[INFO:2020-03-20 07:28:29,639] open threshold changed from 1000 to 1000
[INFO:2020-03-20 07:33:54,191] open threshold changed from 1000 to 1000
[INFO:2020-03-20 07:39:17,736] open threshold changed from 1000 to 1233
[INFO:2020-03-20 07:44:41,286] open threshold changed from 1233 to 1000
[INFO:2020-03-20 07:50:04,776] open threshold changed from 1000 to 1000
[INFO:2020-03-20 07:50:26,537] CLOSING buy-coincheck(4620.0), sell-liquid(4620.941), margin=272, profit=0.9
[INFO:2020-03-20 07:50:32,477] OPENING buy-liquid(4615.149), sell-coincheck(4623.885), margin=1332, profit=8.7
[INFO:2020-03-20 07:50:57,721] CLOSING buy-coincheck(4627.0), sell-liquid(4632.114), margin=606, profit=5.1
[INFO:2020-03-20 07:50:59,247] OPENING buy-liquid(4633.7), sell-coincheck(4646.492), margin=1968, profit=12.8
[INFO:2020-03-20 07:51:06,106] CLOSING buy-coincheck(4646.0), sell-liquid(4652.511), margin=-501, profit=6.5
[INFO:2020-03-20 07:51:14,117] OPENING buy-liquid(4639.817), sell-coincheck(4647.493), margin=1599, profit=7.7
[INFO:2020-03-20 07:51:23,062] CLOSING buy-coincheck(4641.0), sell-liquid(4641.013), margin=-175, profit=0.0
[INFO:2020-03-20 07:51:28,801] OPENING buy-liquid(4641.013), sell-coincheck(4651.68), margin=1641, profit=10.7
[INFO:2020-03-20 07:51:49,859] CLOSING buy-coincheck(4645.0), sell-liquid(4641.968), margin=-482, profit=-3.0
[INFO:2020-03-20 07:51:56,822] OPENING buy-liquid(4641.162), sell-coincheck(4647.636), margin=1172, profit=6.5
[INFO:2020-03-20 07:55:33,327] open threshold changed from 1000 to 1129
[INFO:2020-03-20 08:00:57,355] open threshold changed from 1136 to 1000
[INFO:2020-03-20 08:00:59,863] CLOSING buy-coincheck(4588.0), sell-liquid(4613.472), margin=3899, profit=25.5
[INFO:2020-03-20 08:01:05,912] OPENING buy-liquid(4582.298), sell-coincheck(4590.215), margin=1168, profit=7.9
[INFO:2020-03-20 08:06:16,889] CLOSING buy-coincheck(4537.0), sell-liquid(4543.955), margin=1228, profit=7.0
[INFO:2020-03-20 08:06:23,741] open threshold changed from 1000 to 1278
[INFO:2020-03-20 08:06:31,505] OPENING buy-liquid(4533.62), sell-coincheck(4543.006), margin=1305, profit=9.4
[INFO:2020-03-20 08:07:13,518] CLOSING buy-coincheck(4512.0), sell-liquid(4515.323), margin=-37, profit=3.3
[INFO:2020-03-20 08:07:58,188] OPENING buy-liquid(4511.819), sell-coincheck(4524.26), margin=2263, profit=12.4
[INFO:2020-03-20 08:08:04,186] CLOSING buy-coincheck(4524.0), sell-liquid(4517.266), margin=-1170, profit=-6.7
[INFO:2020-03-20 08:08:47,647] OPENING buy-liquid(4521.484), sell-coincheck(4525.943), margin=1765, profit=4.5
[INFO:2020-03-20 08:10:10,342] CLOSING buy-coincheck(4520.0), sell-liquid(4517.331), margin=-601, profit=-2.7
[INFO:2020-03-20 08:11:16,850] OPENING buy-liquid(4537.221), sell-coincheck(4540.159), margin=1601, profit=2.9
[INFO:2020-03-20 08:11:33,950] CLOSING buy-coincheck(4535.0), sell-liquid(4527.835), margin=-564, profit=-7.2
[INFO:2020-03-20 08:11:53,789] open threshold changed from 1266 to 1000
[INFO:2020-03-20 08:12:08,011] OPENING buy-liquid(4533.36), sell-coincheck(4540.997), margin=1133, profit=7.6
[INFO:2020-03-20 08:12:28,108] CLOSING buy-coincheck(4518.0), sell-liquid(4525.449), margin=1984, profit=7.4
[INFO:2020-03-20 08:12:29,778] OPENING buy-coincheck(4518.0), sell-liquid(4518.157), margin=1017, profit=0.2
[INFO:2020-03-20 08:12:35,955] CLOSING buy-liquid(4526.483), sell-coincheck(4530.344), margin=470, profit=3.9
[INFO:2020-03-20 08:12:40,682] OPENING buy-liquid(4522.141), sell-coincheck(4530.344), margin=1262, profit=8.2
[INFO:2020-03-20 08:17:21,899] open threshold changed from 1000 to 1549
[INFO:2020-03-20 08:18:06,165] CLOSING buy-coincheck(4500.0), sell-liquid(4497.103), margin=-468, profit=-2.9
[INFO:2020-03-20 08:18:33,309] OPENING buy-liquid(4494.243), sell-coincheck(4504.74), margin=1614, profit=10.5
[INFO:2020-03-20 08:22:01,639] CLOSING buy-coincheck(4493.0), sell-liquid(4491.305), margin=-304, profit=-1.7
[INFO:2020-03-20 08:22:07,589] OPENING buy-liquid(4483.297), sell-coincheck(4494.659), margin=1770, profit=11.4
[INFO:2020-03-20 08:22:46,424] open threshold changed from 1563 to 1102
[INFO:2020-03-20 08:25:35,297] CLOSING buy-coincheck(4499.0), sell-liquid(4497.649), margin=-284, profit=-1.4
[INFO:2020-03-20 08:25:39,120] OPENING buy-liquid(4499.56), sell-coincheck(4507.867), margin=1291, profit=8.3
[INFO:2020-03-20 08:28:10,878] open threshold changed from 1111 to 1076
[INFO:2020-03-20 08:33:34,646] open threshold changed from 1077 to 1018
[INFO:2020-03-20 08:38:59,570] open threshold changed from 1019 to 1479
[INFO:2020-03-20 08:44:23,288] open threshold changed from 1477 to 1538
[INFO:2020-03-20 08:49:46,242] open threshold changed from 1541 to 1743
[INFO:2020-03-20 08:55:10,316] open threshold changed from 1734 to 2026
[INFO:2020-03-20 09:00:30,311] CLOSING buy-coincheck(4508.0), sell-liquid(4503.986), margin=-624, profit=-4.0
[INFO:2020-03-20 09:00:31,990] OPENING buy-liquid(4502.771), sell-coincheck(4521.816), margin=2201, profit=19.0
[INFO:2020-03-20 09:00:35,458] open threshold changed from 2021 to 2270
[INFO:2020-03-20 09:02:14,938] CLOSING buy-coincheck(4532.0), sell-liquid(4525.436), margin=-1061, profit=-6.6
[INFO:2020-03-20 09:04:00,904] OPENING buy-liquid(4529.629), sell-coincheck(4548.739), margin=2507, profit=19.1
[INFO:2020-03-20 09:05:13,477] CLOSING buy-coincheck(4552.0), sell-liquid(4546.132), margin=-1208, profit=-5.9
[INFO:2020-03-20 09:05:43,412] OPENING buy-liquid(4539.327), sell-coincheck(4556.61), margin=2598, profit=17.3
[INFO:2020-03-20 09:05:53,611] CLOSING buy-coincheck(4556.0), sell-liquid(4548.979), margin=-1362, profit=-7.0
[INFO:2020-03-20 09:05:59,578] OPENING buy-liquid(4545.118), sell-coincheck(4562.941), margin=2742, profit=17.8
[INFO:2020-03-20 09:06:03,032] open threshold changed from 2275 to 1678
[INFO:2020-03-20 09:06:44,035] CLOSING buy-coincheck(4555.0), sell-liquid(4543.214), margin=-1490, profit=-11.8
[INFO:2020-03-20 09:06:51,994] OPENING buy-liquid(4542.193), sell-coincheck(4554.166), margin=1773, profit=12.0
[INFO:2020-03-20 09:11:27,401] open threshold changed from 1685 to 3319
[INFO:2020-03-20 09:16:52,415] open threshold changed from 3333 to 2837
[INFO:2020-03-20 09:22:16,508] open threshold changed from 2836 to 2323
[INFO:2020-03-20 09:27:40,364] open threshold changed from 2325 to 2936
[INFO:2020-03-20 09:33:04,575] open threshold changed from 2945 to 3643
[INFO:2020-03-20 09:38:29,312] open threshold changed from 3641 to 3291
[INFO:2020-03-20 09:43:53,177] open threshold changed from 3293 to 2551
[INFO:2020-03-20 09:49:17,706] open threshold changed from 2557 to 2699
[INFO:2020-03-20 09:54:43,417] open threshold changed from 2701 to 2175
[INFO:2020-03-20 10:00:07,522] open threshold changed from 2182 to 2056
[INFO:2020-03-20 10:05:31,660] open threshold changed from 2063 to 2310
[INFO:2020-03-20 10:10:56,089] open threshold changed from 2306 to 2213
[INFO:2020-03-20 10:16:20,589] open threshold changed from 2213 to 2374
[INFO:2020-03-20 10:21:43,732] open threshold changed from 2369 to 1620
[INFO:2020-03-20 10:27:06,678] open threshold changed from 1622 to 1829
[INFO:2020-03-20 10:31:12,917] CLOSING buy-coincheck(4407.0), sell-liquid(4404.036), margin=-456, profit=-3.0
[INFO:2020-03-20 10:31:51,308] OPENING buy-liquid(4405.908), sell-coincheck(4421.365), margin=2378, profit=15.5
[INFO:2020-03-20 10:32:26,697] CLOSING buy-coincheck(4415.0), sell-liquid(4406.194), margin=-1375, profit=-8.8
[INFO:2020-03-20 10:32:32,344] open threshold changed from 1824 to 1000
[INFO:2020-03-20 10:32:36,977] OPENING buy-liquid(4410.477), sell-coincheck(4420.0), margin=1465, profit=9.5
[INFO:2020-03-20 10:37:33,709] CLOSING buy-coincheck(4445.0), sell-liquid(4445.564), margin=-454, profit=0.6
[INFO:2020-03-20 10:37:36,325] OPENING buy-liquid(4444.797), sell-coincheck(4452.818), margin=1234, profit=8.0
[INFO:2020-03-20 10:37:59,392] open threshold changed from 1000 to 1058
[INFO:2020-03-20 10:43:22,890] open threshold changed from 1052 to 1382
[INFO:2020-03-20 10:48:47,567] open threshold changed from 1376 to 1394
[INFO:2020-03-20 10:54:12,341] open threshold changed from 1393 to 1000
[INFO:2020-03-20 10:59:36,288] open threshold changed from 1000 to 1000
[INFO:2020-03-20 11:01:12,938] CLOSING buy-coincheck(4449.0), sell-liquid(4446.533), margin=-221, profit=-2.5
[INFO:2020-03-20 11:01:54,939] OPENING buy-liquid(4443.394), sell-coincheck(4452.357), margin=1362, profit=9.0
[INFO:2020-03-20 11:05:02,252] open threshold changed from 1000 to 1000
[INFO:2020-03-20 11:10:25,377] open threshold changed from 1000 to 1000
[INFO:2020-03-20 11:15:50,351] open threshold changed from 1000 to 1000
[INFO:2020-03-20 11:18:55,699] CLOSING buy-coincheck(4458.0), sell-liquid(4457.03), margin=-338, profit=-1.0
[INFO:2020-03-20 11:19:45,721] OPENING buy-liquid(4454.041), sell-coincheck(4460.677), margin=1305, profit=6.6
[INFO:2020-03-20 11:21:15,577] open threshold changed from 1000 to 1000
[INFO:2020-03-20 11:22:28,466] CLOSING buy-coincheck(4462.0), sell-liquid(4460.995), margin=-193, profit=-1.0
[INFO:2020-03-20 11:26:40,801] open threshold changed from 1000 to 1000
[INFO:2020-03-20 11:30:48,045] OPENING buy-liquid(4447.82), sell-coincheck(4454.918), margin=1030, profit=7.1
[INFO:2020-03-20 11:32:04,517] open threshold changed from 1000 to 1000
[INFO:2020-03-20 11:37:29,299] open threshold changed from 1000 to 1000
[INFO:2020-03-20 11:42:53,691] open threshold changed from 1000 to 1000
[INFO:2020-03-20 11:47:55,886] CLOSING buy-coincheck(4445.0), sell-liquid(4445.486), margin=94, profit=0.5
[INFO:2020-03-20 11:48:05,977] OPENING buy-liquid(4434.469), sell-coincheck(4441.125), margin=1024, profit=6.7
[INFO:2020-03-20 11:48:09,782] CLOSING buy-coincheck(4437.0), sell-liquid(4437.472), margin=21, profit=0.5
[INFO:2020-03-20 11:48:19,728] open threshold changed from 1000 to 1000
[INFO:2020-03-20 11:53:46,321] open threshold changed from 1000 to 1000
[INFO:2020-03-20 11:58:13,117] OPENING buy-liquid(4422.476), sell-coincheck(4427.767), margin=1101, profit=5.3
[INFO:2020-03-20 11:59:12,621] open threshold changed from 1000 to 1000
[INFO:2020-03-20 12:00:29,721] CLOSING buy-coincheck(4427.0), sell-liquid(4426.441), margin=8, profit=-0.6
[INFO:2020-03-20 12:01:34,963] OPENING buy-liquid(4419.974), sell-coincheck(4427.975), margin=1051, profit=8.0
[INFO:2020-03-20 12:04:38,892] open threshold changed from 1000 to 1000
[INFO:2020-03-20 12:10:04,574] open threshold changed from 1000 to 1000
[INFO:2020-03-20 12:15:30,213] open threshold changed from 1000 to 1000
[INFO:2020-03-20 12:20:56,601] open threshold changed from 1000 to 1000
[INFO:2020-03-20 12:26:23,529] open threshold changed from 1000 to 1000
[INFO:2020-03-20 12:31:50,110] open threshold changed from 1000 to 1000
[INFO:2020-03-20 12:37:16,300] open threshold changed from 1000 to 1000
[INFO:2020-03-20 12:42:25,086] CLOSING buy-coincheck(4397.0), sell-liquid(4397.302), margin=-38, profit=0.3
[INFO:2020-03-20 12:42:43,901] open threshold changed from 1000 to 1000
[INFO:2020-03-20 12:42:44,167] OPENING buy-liquid(4394.046), sell-coincheck(4401.065), margin=1052, profit=7.0
[INFO:2020-03-20 12:43:25,944] CLOSING buy-coincheck(4398.0), sell-liquid(4398.998), margin=54, profit=1.0
[INFO:2020-03-20 12:43:34,365] OPENING buy-liquid(4395.378), sell-coincheck(4401.631), margin=1025, profit=6.3
[INFO:2020-03-20 12:48:12,246] open threshold changed from 1000 to 1000
[INFO:2020-03-20 12:49:16,614] CLOSING buy-coincheck(4426.0), sell-liquid(4425.603), margin=147, profit=-0.4
[INFO:2020-03-20 12:53:38,982] open threshold changed from 1000 to 1000
[INFO:2020-03-20 12:53:58,670] OPENING buy-liquid(4423.107), sell-coincheck(4429.75), margin=1022, profit=6.6
[INFO:2020-03-20 12:59:06,046] open threshold changed from 1000 to 1000
[INFO:2020-03-20 12:59:36,510] CLOSING buy-coincheck(4427.0), sell-liquid(4427.293), margin=59, profit=0.3
[INFO:2020-03-20 13:00:44,171] OPENING buy-liquid(4412.564), sell-coincheck(4418.615), margin=1071, profit=6.1
[INFO:2020-03-20 13:02:13,817] CLOSING buy-coincheck(4405.0), sell-liquid(4406.434), margin=196, profit=1.4
[INFO:2020-03-20 13:04:34,856] open threshold changed from 1000 to 1000
[INFO:2020-03-20 13:07:34,267] OPENING buy-liquid(4396.892), sell-coincheck(4403.789), margin=1003, profit=6.9
[INFO:2020-03-20 13:09:24,079] CLOSING buy-coincheck(4400.0), sell-liquid(4401.144), margin=100, profit=1.1
[INFO:2020-03-20 13:10:02,354] open threshold changed from 1000 to 1000
[INFO:2020-03-20 13:15:28,956] open threshold changed from 1000 to 1000
[INFO:2020-03-20 13:20:55,583] open threshold changed from 1000 to 1000
[INFO:2020-03-20 13:26:22,466] open threshold changed from 1000 to 1000
[INFO:2020-03-20 13:31:49,578] open threshold changed from 1000 to 1000
[INFO:2020-03-20 13:37:16,327] open threshold changed from 1000 to 1000
[INFO:2020-03-20 13:40:46,557] OPENING buy-liquid(4431.122), sell-coincheck(4440.15), margin=1419, profit=9.0
[INFO:2020-03-20 13:40:57,224] CLOSING buy-coincheck(4435.0), sell-liquid(4431.966), margin=-340, profit=-3.0
[INFO:2020-03-20 13:41:49,701] OPENING buy-liquid(4434.235), sell-coincheck(4442.711), margin=1304, profit=8.5
[INFO:2020-03-20 13:42:44,083] open threshold changed from 1000 to 1000
[INFO:2020-03-20 13:42:54,153] CLOSING buy-coincheck(4440.0), sell-liquid(4439.474), margin=-179, profit=-0.5
[INFO:2020-03-20 13:43:06,890] OPENING buy-liquid(4432.876), sell-coincheck(4440.033), margin=1129, profit=7.2
[INFO:2020-03-20 13:44:40,918] CLOSING buy-coincheck(4447.0), sell-liquid(4447.95), margin=315, profit=0.9
[INFO:2020-03-20 13:48:14,145] open threshold changed from 1000 to 1000
[INFO:2020-03-20 13:50:42,086] OPENING buy-liquid(4455.171), sell-coincheck(4461.899), margin=1035, profit=6.7
[INFO:2020-03-20 13:53:40,491] open threshold changed from 1000 to 1000
[INFO:2020-03-20 13:59:06,290] open threshold changed from 1000 to 1000
[INFO:2020-03-20 14:04:32,607] open threshold changed from 1000 to 1000
[INFO:2020-03-20 14:09:58,392] open threshold changed from 1000 to 1000
[INFO:2020-03-20 14:15:24,258] open threshold changed from 1000 to 1000
[INFO:2020-03-20 14:20:36,726] CLOSING buy-coincheck(4466.0), sell-liquid(4469.562), margin=329, profit=3.6
[INFO:2020-03-20 14:20:51,067] open threshold changed from 1000 to 1000
[INFO:2020-03-20 14:24:21,871] OPENING buy-liquid(4476.615), sell-coincheck(4485.0), margin=1052, profit=8.4
[INFO:2020-03-20 14:26:18,132] open threshold changed from 1000 to 1000
[INFO:2020-03-20 14:31:43,524] open threshold changed from 1000 to 1000
[INFO:2020-03-20 14:37:09,111] open threshold changed from 1000 to 1000
[INFO:2020-03-20 14:42:36,207] open threshold changed from 1000 to 1000
[INFO:2020-03-20 14:48:02,487] open threshold changed from 1000 to 1000
[INFO:2020-03-20 14:53:30,200] open threshold changed from 1000 to 1102
[INFO:2020-03-20 14:58:56,865] open threshold changed from 1105 to 1000
[INFO:2020-03-20 15:04:25,128] open threshold changed from 1000 to 1000
[INFO:2020-03-20 15:09:52,967] open threshold changed from 1000 to 1000
[INFO:2020-03-20 15:15:19,741] open threshold changed from 1000 to 1000
[INFO:2020-03-20 15:20:47,115] open threshold changed from 1000 to 1000
[INFO:2020-03-20 15:26:13,499] open threshold changed from 1000 to 1000
[INFO:2020-03-20 15:31:39,833] open threshold changed from 1000 to 1000
[INFO:2020-03-20 15:37:05,843] open threshold changed from 1000 to 1000
[INFO:2020-03-20 15:42:31,433] open threshold changed from 1000 to 1000
[INFO:2020-03-20 15:47:58,261] open threshold changed from 1000 to 1000
[INFO:2020-03-20 15:53:26,883] open threshold changed from 1000 to 1000
[INFO:2020-03-20 15:58:53,875] open threshold changed from 1000 to 1000
[INFO:2020-03-20 16:04:20,229] open threshold changed from 1000 to 1000
[INFO:2020-03-20 16:09:46,009] open threshold changed from 1000 to 1000
[INFO:2020-03-20 16:15:11,333] open threshold changed from 1000 to 1000
[INFO:2020-03-20 16:20:38,162] open threshold changed from 1000 to 1000
[INFO:2020-03-20 16:26:05,078] open threshold changed from 1000 to 1000
[INFO:2020-03-20 16:31:30,474] open threshold changed from 1000 to 1000
[INFO:2020-03-20 16:34:49,049] CLOSING buy-coincheck(4488.0), sell-liquid(4487.385), margin=142, profit=-0.6
[INFO:2020-03-20 16:36:56,398] open threshold changed from 1000 to 1000
[INFO:2020-03-20 16:42:24,188] open threshold changed from 1000 to 1000
[INFO:2020-03-20 16:47:49,032] open threshold changed from 1000 to 1000
[INFO:2020-03-20 16:53:14,962] open threshold changed from 1000 to 1000
[INFO:2020-03-20 16:58:41,850] open threshold changed from 1000 to 1000
[INFO:2020-03-20 16:59:26,349] OPENING buy-coincheck(4500.0), sell-liquid(4509.056), margin=1373, profit=9.1
[INFO:2020-03-20 16:59:30,292] CLOSING buy-liquid(4503.401), sell-coincheck(4498.006), margin=450, profit=-5.4
[INFO:2020-03-20 16:59:31,801] OPENING buy-coincheck(4500.0), sell-liquid(4503.928), margin=1271, profit=3.9
[INFO:2020-03-20 16:59:36,697] CLOSING buy-liquid(4504.988), sell-coincheck(4505.813), margin=-235, profit=0.8
[INFO:2020-03-20 17:04:09,773] open threshold changed from 1000 to 1000
[INFO:2020-03-20 17:06:00,766] OPENING buy-liquid(4551.878), sell-coincheck(4560.68), margin=1354, profit=8.8
[INFO:2020-03-20 17:06:13,217] CLOSING buy-coincheck(4557.0), sell-liquid(4555.596), margin=-308, profit=-1.4
[INFO:2020-03-20 17:07:04,591] OPENING buy-liquid(4542.161), sell-coincheck(4550.0), margin=1198, profit=7.8
[INFO:2020-03-20 17:07:55,120] CLOSING buy-coincheck(4551.0), sell-liquid(4551.891), margin=33, profit=0.9
[INFO:2020-03-20 17:09:38,104] open threshold changed from 1000 to 1000
[INFO:2020-03-20 17:10:12,829] OPENING buy-liquid(4566.887), sell-coincheck(4577.099), margin=1571, profit=10.2
[INFO:2020-03-20 17:10:21,833] CLOSING buy-coincheck(4576.0), sell-liquid(4572.093), margin=-539, profit=-3.9
[INFO:2020-03-20 17:11:05,954] OPENING buy-liquid(4584.443), sell-coincheck(4591.177), margin=1087, profit=6.7
[INFO:2020-03-20 17:11:34,613] CLOSING buy-coincheck(4611.0), sell-liquid(4611.288), margin=-57, profit=0.3
[INFO:2020-03-20 17:11:41,555] OPENING buy-liquid(4608.63), sell-coincheck(4619.712), margin=2117, profit=11.1
[INFO:2020-03-20 17:11:58,185] CLOSING buy-coincheck(4614.0), sell-liquid(4608.546), margin=-933, profit=-5.5
[INFO:2020-03-20 17:12:07,337] OPENING buy-liquid(4605.867), sell-coincheck(4613.836), margin=1226, profit=8.0
[INFO:2020-03-20 17:13:00,937] CLOSING buy-coincheck(4609.0), sell-liquid(4606.329), margin=-198, profit=-2.7
[INFO:2020-03-20 17:13:12,222] OPENING buy-liquid(4603.124), sell-coincheck(4610.56), margin=1325, profit=7.4
[INFO:2020-03-20 17:13:56,260] CLOSING buy-coincheck(4618.0), sell-liquid(4616.605), margin=-259, profit=-1.4
[INFO:2020-03-20 17:14:08,673] OPENING buy-liquid(4616.423), sell-coincheck(4619.537), margin=1091, profit=3.1
[INFO:2020-03-20 17:14:47,090] CLOSING buy-coincheck(4631.0), sell-liquid(4631.867), margin=-67, profit=0.9
[INFO:2020-03-20 17:14:48,631] OPENING buy-coincheck(4631.0), sell-liquid(4635.689), margin=1048, profit=4.7
[INFO:2020-03-20 17:14:57,625] CLOSING buy-liquid(4652.148), sell-coincheck(4640.22), margin=173, profit=-11.9
[INFO:2020-03-20 17:15:11,079] open threshold changed from 1000 to 1000
[INFO:2020-03-20 17:15:16,701] OPENING buy-coincheck(4646.0), sell-liquid(4659.31), margin=1490, profit=13.3
[INFO:2020-03-20 17:15:27,369] CLOSING buy-liquid(4666.35), sell-coincheck(4662.138), margin=-65, profit=-4.2
[INFO:2020-03-20 17:15:35,441] OPENING buy-coincheck(4669.0), sell-liquid(4677.023), margin=1195, profit=8.0
[INFO:2020-03-20 17:15:41,700] CLOSING buy-liquid(4677.836), sell-coincheck(4679.831), margin=135, profit=2.0
[INFO:2020-03-20 17:15:52,011] OPENING buy-liquid(4669.938), sell-coincheck(4679.448), margin=2915, profit=9.5
[INFO:2020-03-20 17:15:59,038] CLOSING buy-coincheck(4685.0), sell-liquid(4668.462), margin=-1736, profit=-16.5
[INFO:2020-03-20 17:16:00,882] OPENING buy-liquid(4668.69), sell-coincheck(4680.182), margin=1116, profit=11.5
[INFO:2020-03-20 17:18:13,385] CLOSING buy-coincheck(4679.0), sell-liquid(4680.0), margin=22, profit=1.0
[INFO:2020-03-20 17:18:34,392] OPENING buy-coincheck(4692.0), sell-liquid(4701.008), margin=1285, profit=9.0
[INFO:2020-03-20 17:18:42,295] CLOSING buy-liquid(4703.146), sell-coincheck(4707.768), margin=711, profit=4.6
[INFO:2020-03-20 17:19:00,481] OPENING buy-liquid(4703.394), sell-coincheck(4712.715), margin=1549, profit=9.3
[INFO:2020-03-20 17:19:35,380] CLOSING buy-coincheck(4744.0), sell-liquid(4756.999), margin=1848, profit=13.0
[INFO:2020-03-20 17:19:54,185] OPENING buy-coincheck(4770.0), sell-liquid(4787.412), margin=3413, profit=17.4
[INFO:2020-03-20 17:19:57,923] CLOSING buy-liquid(4809.987), sell-coincheck(4803.968), margin=-926, profit=-6.0
[INFO:2020-03-20 17:20:10,503] OPENING buy-liquid(4799.938), sell-coincheck(4813.77), margin=2128, profit=13.8
[INFO:2020-03-20 17:20:47,578] open threshold changed from 1000 to 1000
[INFO:2020-03-20 17:20:57,621] CLOSING buy-coincheck(4766.0), sell-liquid(4758.936), margin=-682, profit=-7.1
[INFO:2020-03-20 17:21:03,530] OPENING buy-liquid(4756.609), sell-coincheck(4765.312), margin=1320, profit=8.7
[INFO:2020-03-20 17:22:04,545] CLOSING buy-coincheck(4717.0), sell-liquid(4701.976), margin=-245, profit=-15.0
[INFO:2020-03-20 17:22:36,815] OPENING buy-liquid(4710.231), sell-coincheck(4727.742), margin=2694, profit=17.5
[INFO:2020-03-20 17:22:38,263] CLOSING buy-coincheck(4728.0), sell-liquid(4722.399), margin=-873, profit=-5.6
[INFO:2020-03-20 17:22:44,096] OPENING buy-liquid(4715.47), sell-coincheck(4727.742), margin=1822, profit=12.3
[INFO:2020-03-20 17:22:51,350] CLOSING buy-coincheck(4713.0), sell-liquid(4714.151), margin=84, profit=1.2
[INFO:2020-03-20 17:24:35,848] OPENING buy-liquid(4687.982), sell-coincheck(4694.547), margin=1010, profit=6.6
[INFO:2020-03-20 17:24:46,402] CLOSING buy-coincheck(4694.0), sell-liquid(4695.561), margin=812, profit=1.6
[INFO:2020-03-20 17:26:20,961] open threshold changed from 1000 to 1000
[INFO:2020-03-20 17:26:45,951] OPENING buy-liquid(4711.564), sell-coincheck(4718.252), margin=1274, profit=6.7
[INFO:2020-03-20 17:27:06,998] CLOSING buy-coincheck(4699.0), sell-liquid(4698.915), margin=122, profit=-0.1
[INFO:2020-03-20 17:28:57,518] OPENING buy-liquid(4673.168), sell-coincheck(4680.657), margin=1275, profit=7.5
[INFO:2020-03-20 17:29:06,615] CLOSING buy-coincheck(4669.0), sell-liquid(4669.054), margin=-48, profit=0.1
[INFO:2020-03-20 17:30:48,929] OPENING buy-liquid(4689.899), sell-coincheck(4699.181), margin=1428, profit=9.3
[INFO:2020-03-20 17:31:46,022] CLOSING buy-coincheck(4703.0), sell-liquid(4701.84), margin=-225, profit=-1.2
[INFO:2020-03-20 17:31:49,574] open threshold changed from 1000 to 1000
[INFO:2020-03-20 17:33:34,122] OPENING buy-liquid(4694.976), sell-coincheck(4702.802), margin=1204, profit=7.8
[INFO:2020-03-20 17:35:16,222] CLOSING buy-coincheck(4663.0), sell-liquid(4667.956), margin=609, profit=5.0
[INFO:2020-03-20 17:37:16,475] open threshold changed from 1000 to 1000
[INFO:2020-03-20 17:39:06,756] OPENING buy-liquid(4685.22), sell-coincheck(4686.487), margin=1011, profit=1.3
[INFO:2020-03-20 17:39:15,959] CLOSING buy-coincheck(4686.0), sell-liquid(4689.822), margin=63, profit=3.8
[INFO:2020-03-20 17:42:43,146] open threshold changed from 1000 to 1000
[INFO:2020-03-20 17:47:35,926] OPENING buy-liquid(4741.425), sell-coincheck(4751.532), margin=1555, profit=10.1
[INFO:2020-03-20 17:47:58,071] CLOSING buy-coincheck(4745.0), sell-liquid(4744.811), margin=-233, profit=-0.2
[INFO:2020-03-20 17:48:10,232] open threshold changed from 1000 to 1000
[INFO:2020-03-20 17:49:12,979] OPENING buy-liquid(4745.273), sell-coincheck(4758.0), margin=1958, profit=12.7
[INFO:2020-03-20 17:49:29,704] CLOSING buy-coincheck(4751.0), sell-liquid(4745.838), margin=-924, profit=-5.2
[INFO:2020-03-20 17:49:59,377] OPENING buy-liquid(4752.904), sell-coincheck(4760.314), margin=1140, profit=7.4
[INFO:2020-03-20 17:51:14,992] CLOSING buy-coincheck(4736.0), sell-liquid(4732.728), margin=-15, profit=-3.3
[INFO:2020-03-20 17:52:08,816] OPENING buy-liquid(4742.166), sell-coincheck(4749.479), margin=1125, profit=7.3
[INFO:2020-03-20 17:52:45,423] CLOSING buy-coincheck(4748.0), sell-liquid(4749.836), margin=232, profit=1.8
[INFO:2020-03-20 17:53:02,065] OPENING buy-liquid(4751.552), sell-coincheck(4761.289), margin=1508, profit=9.7
[INFO:2020-03-20 17:53:18,556] CLOSING buy-coincheck(4752.0), sell-liquid(4751.318), margin=-136, profit=-0.7
[INFO:2020-03-20 17:53:40,671] open threshold changed from 1000 to 1000
[INFO:2020-03-20 17:54:02,393] OPENING buy-liquid(4763.824), sell-coincheck(4771.832), margin=1232, profit=8.0
[INFO:2020-03-20 17:54:09,356] CLOSING buy-coincheck(4764.0), sell-liquid(4767.457), margin=411, profit=3.5
[INFO:2020-03-20 17:54:13,021] OPENING buy-liquid(4753.021), sell-coincheck(4760.983), margin=2038, profit=8.0
[INFO:2020-03-20 17:54:17,727] CLOSING buy-coincheck(4760.0), sell-liquid(4753.651), margin=-1026, profit=-6.3
[INFO:2020-03-20 17:54:23,577] OPENING buy-liquid(4749.452), sell-coincheck(4756.564), margin=1002, profit=7.1
[INFO:2020-03-20 17:56:55,689] CLOSING buy-coincheck(4754.0), sell-liquid(4755.114), margin=67, profit=1.1
[INFO:2020-03-20 17:57:23,299] OPENING buy-liquid(4748.536), sell-coincheck(4755.179), margin=1022, profit=6.6
[INFO:2020-03-20 17:59:09,865] open threshold changed from 1000 to 1000
[INFO:2020-03-20 18:00:17,934] CLOSING buy-coincheck(4743.0), sell-liquid(4749.738), margin=754, profit=6.7
[INFO:2020-03-20 18:00:31,559] OPENING buy-liquid(4745.903), sell-coincheck(4754.198), margin=1276, profit=8.3
[INFO:2020-03-20 18:03:51,936] CLOSING buy-coincheck(4758.0), sell-liquid(4757.668), margin=-24, profit=-0.3
[INFO:2020-03-20 18:04:27,300] OPENING buy-liquid(4763.525), sell-coincheck(4771.0), margin=1150, profit=7.5
[INFO:2020-03-20 18:04:40,890] open threshold changed from 1000 to 1000
[INFO:2020-03-20 18:10:06,579] open threshold changed from 1000 to 1000
[INFO:2020-03-20 18:15:32,778] open threshold changed from 1000 to 1346
[INFO:2020-03-20 18:20:57,517] open threshold changed from 1347 to 1242
[INFO:2020-03-20 18:26:23,630] open threshold changed from 1243 to 1293
[INFO:2020-03-20 18:31:49,532] open threshold changed from 1309 to 1387
[INFO:2020-03-20 18:37:14,296] open threshold changed from 1389 to 1487
[INFO:2020-03-20 18:42:39,586] open threshold changed from 1486 to 1670
[INFO:2020-03-20 18:48:04,537] open threshold changed from 1671 to 1554
[INFO:2020-03-20 18:52:36,315] CLOSING buy-coincheck(4797.0), sell-liquid(4793.939), margin=-530, profit=-3.1
[INFO:2020-03-20 18:53:03,928] OPENING buy-coincheck(4810.0), sell-liquid(4821.459), margin=2002, profit=11.5
[INFO:2020-03-20 18:53:06,490] CLOSING buy-liquid(4820.796), sell-coincheck(4817.975), margin=-1000, profit=-2.8
[INFO:2020-03-20 18:53:31,705] open threshold changed from 1552 to 1000
[INFO:2020-03-20 18:53:33,083] OPENING buy-liquid(4804.247), sell-coincheck(4811.086), margin=1052, profit=6.8
[INFO:2020-03-20 18:55:36,632] CLOSING buy-coincheck(4854.0), sell-liquid(4856.755), margin=503, profit=2.8
[INFO:2020-03-20 18:55:54,339] OPENING buy-liquid(4844.95), sell-coincheck(4847.557), margin=1518, profit=2.6
[INFO:2020-03-20 18:57:03,772] CLOSING buy-coincheck(4839.0), sell-liquid(4838.333), margin=-515, profit=-0.7
[INFO:2020-03-20 18:57:05,391] OPENING buy-liquid(4832.704), sell-coincheck(4839.907), margin=1081, profit=7.2
[INFO:2020-03-20 18:58:27,386] CLOSING buy-coincheck(4846.0), sell-liquid(4847.635), margin=131, profit=1.6
[INFO:2020-03-20 18:58:40,110] OPENING buy-liquid(4842.318), sell-coincheck(4853.062), margin=1653, profit=10.7
[INFO:2020-03-20 18:59:00,837] open threshold changed from 1000 to 1000
[INFO:2020-03-20 18:59:40,958] CLOSING buy-coincheck(4855.0), sell-liquid(4855.136), margin=-1, profit=0.1
[INFO:2020-03-20 18:59:52,154] OPENING buy-liquid(4859.127), sell-coincheck(4861.883), margin=1017, profit=2.8
[INFO:2020-03-20 19:02:03,481] CLOSING buy-coincheck(4820.0), sell-liquid(4820.432), margin=350, profit=0.4
[INFO:2020-03-20 19:03:12,995] OPENING buy-liquid(4813.315), sell-coincheck(4820.231), margin=1064, profit=6.9
[INFO:2020-03-20 19:04:29,097] open threshold changed from 1000 to 1000
[INFO:2020-03-20 19:09:54,293] open threshold changed from 1000 to 1064
[INFO:2020-03-20 19:15:20,894] open threshold changed from 1058 to 1284
[INFO:2020-03-20 19:20:45,351] open threshold changed from 1281 to 2079
[INFO:2020-03-20 19:26:10,492] open threshold changed from 2080 to 1743
[INFO:2020-03-20 19:30:30,888] CLOSING buy-coincheck(4873.0), sell-liquid(4873.258), margin=-68, profit=0.3
[INFO:2020-03-20 19:31:02,233] OPENING buy-coincheck(4875.0), sell-liquid(4889.345), margin=2069, profit=14.3
[INFO:2020-03-20 19:31:05,164] CLOSING buy-liquid(4917.217), sell-coincheck(4894.922), margin=-744, profit=-22.3
[INFO:2020-03-20 19:31:38,408] open threshold changed from 1743 to 1000
[INFO:2020-03-20 19:32:06,207] OPENING buy-liquid(4920.285), sell-coincheck(4926.22), margin=2450, profit=5.9
[INFO:2020-03-20 19:32:10,066] CLOSING buy-coincheck(4927.0), sell-liquid(4919.622), margin=-1135, profit=-7.4
[INFO:2020-03-20 19:32:15,881] OPENING buy-coincheck(4927.0), sell-liquid(4943.666), margin=1997, profit=16.7
[INFO:2020-03-20 19:32:17,371] CLOSING buy-liquid(4938.082), sell-coincheck(4940.143), margin=-470, profit=2.1
[INFO:2020-03-20 19:32:26,618] OPENING buy-liquid(4929.242), sell-coincheck(4933.916), margin=1386, profit=4.7
[INFO:2020-03-20 19:33:36,348] CLOSING buy-coincheck(4896.0), sell-liquid(4896.157), margin=-108, profit=0.2
[INFO:2020-03-20 19:33:44,640] OPENING buy-liquid(4897.594), sell-coincheck(4904.698), margin=1051, profit=7.1
[INFO:2020-03-20 19:37:05,096] CLOSING buy-coincheck(4883.0), sell-liquid(4880.148), margin=-47, profit=-2.9
[INFO:2020-03-20 19:37:06,618] OPENING buy-liquid(4882.189), sell-coincheck(4890.769), margin=1320, profit=8.6
[INFO:2020-03-20 19:37:10,154] open threshold changed from 1000 to 1807
[INFO:2020-03-20 19:37:14,659] CLOSING buy-coincheck(4894.0), sell-liquid(4887.948), margin=-538, profit=-6.1
[INFO:2020-03-20 19:40:02,714] OPENING buy-liquid(4900.148), sell-coincheck(4912.849), margin=1954, profit=12.7
[INFO:2020-03-20 19:42:37,781] open threshold changed from 1801 to 1231
[INFO:2020-03-20 19:44:25,110] CLOSING buy-coincheck(4906.0), sell-liquid(4899.947), margin=-938, profit=-6.1
[INFO:2020-03-20 19:44:36,288] OPENING buy-liquid(4901.195), sell-coincheck(4910.769), margin=1278, profit=9.6
[INFO:2020-03-20 19:48:05,131] open threshold changed from 1241 to 1170
[INFO:2020-03-20 19:53:30,337] open threshold changed from 1165 to 1934
[INFO:2020-03-20 19:58:57,189] open threshold changed from 1929 to 1975
[INFO:2020-03-20 20:04:23,326] open threshold changed from 1985 to 2267
[INFO:2020-03-20 20:09:50,178] open threshold changed from 2280 to 1872
[INFO:2020-03-20 20:14:50,930] CLOSING buy-coincheck(4836.0), sell-liquid(4816.24), margin=-625, profit=-19.8
[INFO:2020-03-20 20:14:57,938] OPENING buy-liquid(4827.693), sell-coincheck(4842.5), margin=1977, profit=14.8
[INFO:2020-03-20 20:15:13,571] CLOSING buy-coincheck(4842.0), sell-liquid(4842.76), margin=-483, profit=0.8
[INFO:2020-03-20 20:15:17,089] open threshold changed from 1869 to 1893
[INFO:2020-03-20 20:15:53,965] OPENING buy-liquid(4837.086), sell-coincheck(4850.092), margin=2001, profit=13.0
[INFO:2020-03-20 20:17:01,172] CLOSING buy-coincheck(4826.0), sell-liquid(4823.773), margin=-384, profit=-2.2
[INFO:2020-03-20 20:17:12,369] OPENING buy-liquid(4816.643), sell-coincheck(4829.292), margin=1941, profit=12.6
[INFO:2020-03-20 20:19:11,517] CLOSING buy-coincheck(4842.0), sell-liquid(4836.351), margin=-919, profit=-5.6
[INFO:2020-03-20 20:20:46,946] open threshold changed from 1871 to 1000
[INFO:2020-03-20 20:20:48,302] OPENING buy-liquid(4851.977), sell-coincheck(4860.654), margin=1335, profit=8.7
[INFO:2020-03-20 20:26:15,491] open threshold changed from 1000 to 1275
[INFO:2020-03-20 20:31:41,711] open threshold changed from 1279 to 1470
[INFO:2020-03-20 20:32:18,898] CLOSING buy-coincheck(4760.0), sell-liquid(4758.689), margin=-455, profit=-1.3
[INFO:2020-03-20 20:33:15,826] OPENING buy-liquid(4761.887), sell-coincheck(4773.145), margin=1693, profit=11.3
[INFO:2020-03-20 20:33:34,726] CLOSING buy-coincheck(4766.0), sell-liquid(4759.372), margin=-635, profit=-6.6
[INFO:2020-03-20 20:34:33,625] OPENING buy-liquid(4735.523), sell-coincheck(4746.046), margin=1619, profit=10.5
[INFO:2020-03-20 20:35:13,047] CLOSING buy-coincheck(4754.0), sell-liquid(4754.055), margin=-272, profit=0.1
[INFO:2020-03-20 20:37:00,440] OPENING buy-liquid(4779.417), sell-coincheck(4787.926), margin=1605, profit=8.5
[INFO:2020-03-20 20:37:11,753] open threshold changed from 1486 to 1000
[INFO:2020-03-20 20:42:39,574] open threshold changed from 1000 to 1679
[INFO:2020-03-20 20:48:05,546] open threshold changed from 1676 to 1149
[INFO:2020-03-20 20:49:05,042] CLOSING buy-coincheck(4819.0), sell-liquid(4819.211), margin=-67, profit=0.2
[INFO:2020-03-20 20:49:06,516] OPENING buy-liquid(4821.96), sell-coincheck(4828.882), margin=1224, profit=6.9
[INFO:2020-03-20 20:53:32,590] open threshold changed from 1148 to 1341
[INFO:2020-03-20 20:59:03,150] open threshold changed from 1355 to 1413
[INFO:2020-03-20 21:04:31,890] open threshold changed from 1408 to 1082
[INFO:2020-03-20 21:07:20,433] CLOSING buy-coincheck(4774.0), sell-liquid(4774.452), margin=-198, profit=0.5
[INFO:2020-03-20 21:07:28,681] OPENING buy-liquid(4770.59), sell-coincheck(4776.837), margin=1108, profit=6.2
[INFO:2020-03-20 21:09:59,624] open threshold changed from 1094 to 1000
[INFO:2020-03-20 21:15:27,333] open threshold changed from 1000 to 1000
[INFO:2020-03-20 21:20:54,935] open threshold changed from 1000 to 1000
[INFO:2020-03-20 21:25:55,648] CLOSING buy-coincheck(4723.0), sell-liquid(4727.43), margin=519, profit=4.4
[INFO:2020-03-20 21:26:17,951] OPENING buy-liquid(4740.274), sell-coincheck(4745.884), margin=1575, profit=5.6
[INFO:2020-03-20 21:26:23,019] open threshold changed from 1000 to 1000
[INFO:2020-03-20 21:26:25,400] CLOSING buy-coincheck(4746.0), sell-liquid(4745.455), margin=-208, profit=-0.5
[INFO:2020-03-20 21:26:33,465] OPENING buy-liquid(4741.301), sell-coincheck(4750.811), margin=1360, profit=9.5
[INFO:2020-03-20 21:28:53,859] CLOSING buy-coincheck(4743.0), sell-liquid(4741.367), margin=-326, profit=-1.6
[INFO:2020-03-20 21:29:18,074] OPENING buy-liquid(4743.641), sell-coincheck(4749.55), margin=1297, profit=5.9
[INFO:2020-03-20 21:31:53,138] open threshold changed from 1000 to 1000
[INFO:2020-03-20 21:34:13,795] CLOSING buy-coincheck(4757.0), sell-liquid(4755.985), margin=-271, profit=-1.0
[INFO:2020-03-20 21:34:59,707] OPENING buy-liquid(4753.626), sell-coincheck(4761.25), margin=1173, profit=7.6
[INFO:2020-03-20 21:37:21,598] open threshold changed from 1000 to 1000
[INFO:2020-03-20 21:40:28,184] CLOSING buy-coincheck(4778.0), sell-liquid(4778.735), margin=33, profit=0.7
[INFO:2020-03-20 21:40:34,062] OPENING buy-liquid(4776.148), sell-coincheck(4784.669), margin=1311, profit=8.5
[INFO:2020-03-20 21:42:50,981] open threshold changed from 1000 to 1000
[INFO:2020-03-20 21:48:17,878] open threshold changed from 1000 to 1000
[INFO:2020-03-20 21:53:44,312] open threshold changed from 1000 to 1100
[INFO:2020-03-20 21:59:10,428] open threshold changed from 1098 to 1017
[INFO:2020-03-20 22:04:39,643] open threshold changed from 1020 to 1234
[INFO:2020-03-20 22:06:24,270] CLOSING buy-coincheck(4748.0), sell-liquid(4746.8), margin=-268, profit=-1.2
[INFO:2020-03-20 22:06:28,782] OPENING buy-liquid(4746.995), sell-coincheck(4753.079), margin=1364, profit=6.1
[INFO:2020-03-20 22:10:10,507] open threshold changed from 1230 to 1281
[INFO:2020-03-20 22:15:40,375] open threshold changed from 1281 to 1449
[INFO:2020-03-20 22:21:10,334] open threshold changed from 1443 to 1332
[INFO:2020-03-20 22:26:46,509] open threshold changed from 1328 to 1306
[INFO:2020-03-20 22:28:45,230] CLOSING buy-coincheck(4698.0), sell-liquid(4695.951), margin=-348, profit=-2.0
[INFO:2020-03-20 22:28:46,945] OPENING buy-liquid(4698.265), sell-coincheck(4708.398), margin=1559, profit=10.1
[INFO:2020-03-20 22:32:17,678] open threshold changed from 1302 to 1000
[INFO:2020-03-20 22:37:45,334] open threshold changed from 1000 to 1000
[INFO:2020-03-20 22:38:31,566] CLOSING buy-coincheck(4732.0), sell-liquid(4729.77), margin=-162, profit=-2.2
[INFO:2020-03-20 22:38:37,504] OPENING buy-liquid(4732.793), sell-coincheck(4739.449), margin=1024, profit=6.7
[INFO:2020-03-20 22:43:13,947] open threshold changed from 1000 to 1000
[INFO:2020-03-20 22:48:40,436] open threshold changed from 1000 to 2760
[INFO:2020-03-20 22:48:41,795] CLOSING buy-coincheck(4711.0), sell-liquid(4701.912), margin=-1506, profit=-9.1
[INFO:2020-03-20 22:54:09,679] open threshold changed from 2735 to 1000
[INFO:2020-03-20 22:54:38,058] OPENING buy-liquid(4724.532), sell-coincheck(4731.506), margin=1339, profit=7.0
[INFO:2020-03-20 22:58:51,932] CLOSING buy-coincheck(4738.0), sell-liquid(4735.646), margin=-177, profit=-2.4
[INFO:2020-03-20 22:59:08,578] OPENING buy-liquid(4730.733), sell-coincheck(4738.649), margin=1085, profit=7.9
[INFO:2020-03-20 22:59:38,296] open threshold changed from 1000 to 1000
[INFO:2020-03-20 23:03:52,723] CLOSING buy-coincheck(4785.0), sell-liquid(4787.484), margin=351, profit=2.5
[INFO:2020-03-20 23:03:57,624] OPENING buy-liquid(4786.249), sell-coincheck(4793.126), margin=1021, profit=6.9
[INFO:2020-03-20 23:05:07,205] open threshold changed from 1000 to 1000
[INFO:2020-03-20 23:10:19,371] CLOSING buy-coincheck(4799.0), sell-liquid(4802.818), margin=488, profit=3.8
[INFO:2020-03-20 23:10:31,761] OPENING buy-liquid(4798.735), sell-coincheck(4807.101), margin=1082, profit=8.4
[INFO:2020-03-20 23:10:35,309] open threshold changed from 1000 to 1000
[INFO:2020-03-20 23:16:02,453] open threshold changed from 1000 to 1000
[INFO:2020-03-20 23:21:29,257] open threshold changed from 1000 to 1000
[INFO:2020-03-20 23:26:23,432] CLOSING buy-coincheck(4844.0), sell-liquid(4841.278), margin=-46, profit=-2.7
[INFO:2020-03-20 23:26:42,477] OPENING buy-liquid(4841.798), sell-coincheck(4848.467), margin=1025, profit=6.7
[INFO:2020-03-20 23:26:57,858] open threshold changed from 1000 to 1000
[INFO:2020-03-20 23:28:12,776] CLOSING buy-coincheck(4836.0), sell-liquid(4838.093), margin=380, profit=2.1
[INFO:2020-03-20 23:28:42,732] OPENING buy-liquid(4839.971), sell-coincheck(4849.117), margin=1203, profit=9.1
[INFO:2020-03-20 23:32:26,189] open threshold changed from 1000 to 1000
[INFO:2020-03-20 23:33:16,036] CLOSING buy-coincheck(4800.0), sell-liquid(4799.606), margin=-160, profit=-0.4
[INFO:2020-03-20 23:34:09,879] OPENING buy-liquid(4806.47), sell-coincheck(4813.256), margin=1044, profit=6.8
[INFO:2020-03-20 23:37:54,240] open threshold changed from 1000 to 1000
[INFO:2020-03-20 23:39:10,900] CLOSING buy-coincheck(4762.0), sell-liquid(4761.881), margin=166, profit=-0.1
[INFO:2020-03-20 23:39:23,312] OPENING buy-liquid(4758.858), sell-coincheck(4769.368), margin=1087, profit=10.5
[INFO:2020-03-20 23:39:29,093] CLOSING buy-coincheck(4770.0), sell-liquid(4771.663), margin=5, profit=1.7
[INFO:2020-03-20 23:39:45,843] OPENING buy-liquid(4764.233), sell-coincheck(4770.402), margin=1347, profit=6.2
[INFO:2020-03-20 23:40:17,666] CLOSING buy-coincheck(4766.0), sell-liquid(4766.515), margin=16, profit=0.5
[INFO:2020-03-20 23:41:46,478] OPENING buy-liquid(4782.823), sell-coincheck(4786.073), margin=1144, profit=3.2
[INFO:2020-03-20 23:43:30,728] open threshold changed from 1000 to 1000
[INFO:2020-03-20 23:45:05,246] CLOSING buy-coincheck(4777.0), sell-liquid(4775.407), margin=-51, profit=-1.6
[INFO:2020-03-20 23:45:49,244] OPENING buy-liquid(4789.363), sell-coincheck(4796.291), margin=1066, profit=6.9
[INFO:2020-03-20 23:48:58,266] open threshold changed from 1000 to 1000
[INFO:2020-03-20 23:53:56,811] CLOSING buy-coincheck(4826.0), sell-liquid(4827.329), margin=243, profit=1.3
[INFO:2020-03-20 23:54:04,832] OPENING buy-liquid(4827.81), sell-coincheck(4835.35), margin=1160, profit=7.5
[INFO:2020-03-20 23:54:25,675] open threshold changed from 1000 to 1000
[INFO:2020-03-20 23:59:51,452] open threshold changed from 1000 to 1000
[INFO:2020-03-21 00:05:17,890] open threshold changed from 1000 to 1000
[INFO:2020-03-21 00:10:19,685] CLOSING buy-coincheck(4807.0), sell-liquid(4808.667), margin=180, profit=1.7
[INFO:2020-03-21 00:10:21,310] =============================
[INFO:2020-03-21 00:10:21,310] = CIRCUIT BREAKER CALLED!!! =
[INFO:2020-03-21 00:10:21,310] =============================
[INFO:2020-03-21 00:10:21,310] waiting for 3 sec ...
[INFO:2020-03-21 00:10:24,314] exchange not available error recovery start
[INFO:2020-03-21 00:10:24,837] coincheck BTC is not enough (available:0.00265454 / neseccery:0.0065)
[INFO:2020-03-21 00:10:24,837] try buy 0.004845459999999999 BTC at coincheck
[ERROR:2020-03-21 00:10:28,546] POST https://coincheck.com/api/exchange/orders 400 Bad Request {"success":false,"error":"Amount jpy の所持金額が足りません"}
Traceback (most recent call last):
  File "/home/tsu-nera/miniconda3/envs/bakuchi/lib/python3.7/site-packages/ccxt/base/exchange.py", line 554, in fetch
    response.raise_for_status()
  File "/home/tsu-nera/miniconda3/envs/bakuchi/lib/python3.7/site-packages/requests/models.py", line 941, in raise_for_status
    raise HTTPError(http_error_msg, response=self)
requests.exceptions.HTTPError: 400 Client Error: Bad Request for url: https://coincheck.com/api/exchange/orders

During handling of the above exception, another exception occurred:

Traceback (most recent call last):
  File "/home/tsu-nera/repo/bakuchi_production/src/core/arbitrage_trading.py", line 61, in run
    self.next()
  File "/home/tsu-nera/repo/bakuchi_production/src/core/arbitrage_base.py", line 31, in next
    self._action(result, x, y)
  File "/home/tsu-nera/repo/bakuchi_production/src/core/arbitrage_trading.py", line 180, in _action
    self.trade_amount, bid_for_coincheck=bid_for_coincheck)
  File "/home/tsu-nera/repo/bakuchi_production/src/core/exchange_trading.py", line 58, in order_sell
    response = self.client.create_market_sell_order(amount)
  File "/home/tsu-nera/repo/bakuchi_production/src/libs/ccxt_client.py", line 103, in create_market_sell_order
    amount=amount)
  File "/home/tsu-nera/miniconda3/envs/bakuchi/lib/python3.7/site-packages/ccxt/base/exchange.py", line 1746, in create_market_sell_order
    return self.create_order(symbol, 'market', 'sell', amount, None, params)
  File "/home/tsu-nera/miniconda3/envs/bakuchi/lib/python3.7/site-packages/ccxt/coincheck.py", line 341, in create_order
    response = self.privatePostExchangeOrders(self.extend(request, params))
  File "/home/tsu-nera/miniconda3/envs/bakuchi/lib/python3.7/site-packages/ccxt/base/exchange.py", line 441, in inner
    return entry(_self, **inner_kwargs)
  File "/home/tsu-nera/miniconda3/envs/bakuchi/lib/python3.7/site-packages/ccxt/coincheck.py", line 381, in request
    response = self.fetch2(path, api, method, params, headers, body)
  File "/home/tsu-nera/miniconda3/envs/bakuchi/lib/python3.7/site-packages/ccxt/base/exchange.py", line 460, in fetch2
    return self.fetch(request['url'], request['method'], request['headers'], request['body'])
  File "/home/tsu-nera/miniconda3/envs/bakuchi/lib/python3.7/site-packages/ccxt/base/exchange.py", line 567, in fetch
    self.handle_rest_errors(http_status_code, http_status_text, http_response, url, method)
  File "/home/tsu-nera/miniconda3/envs/bakuchi/lib/python3.7/site-packages/ccxt/base/exchange.py", line 594, in handle_rest_errors
    raise error(' '.join([method, url, string_code, http_status_text, body]))
ccxt.base.errors.ExchangeNotAvailable: POST https://coincheck.com/api/exchange/orders 400 Bad Request {"success":false,"error":"Amount btc の所持金額が足りません"}

During handling of the above exception, another exception occurred:

Traceback (most recent call last):
  File "/home/tsu-nera/miniconda3/envs/bakuchi/lib/python3.7/site-packages/ccxt/base/exchange.py", line 554, in fetch
    response.raise_for_status()
  File "/home/tsu-nera/miniconda3/envs/bakuchi/lib/python3.7/site-packages/requests/models.py", line 941, in raise_for_status
    raise HTTPError(http_error_msg, response=self)
requests.exceptions.HTTPError: 400 Client Error: Bad Request for url: https://coincheck.com/api/exchange/orders

During handling of the above exception, another exception occurred:

Traceback (most recent call last):
  File "/home/tsu-nera/repo/bakuchi_production/src/utils/trading.py", line 83, in run_trading
    arbitrage.run()
  File "/home/tsu-nera/repo/bakuchi_production/src/core/arbitrage_trading.py", line 63, in run
    self.circuit_breaker.recover_exchange_not_available()
  File "/home/tsu-nera/repo/bakuchi_production/src/core/circuit_breaker.py", line 72, in recover_exchange_not_available
    self._recover_exchange_not_available()
  File "/home/tsu-nera/repo/bakuchi_production/src/core/circuit_breaker.py", line 111, in _recover_exchange_not_available
    self._move_jpy_to_btc(exchange_id, move_amount)
  File "/home/tsu-nera/repo/bakuchi_production/src/core/circuit_breaker.py", line 80, in _move_jpy_to_btc
    amount)
  File "/home/tsu-nera/repo/bakuchi_production/src/utils/private.py", line 71, in create_coincheck_buy_order
    amount_buy, ask)
  File "/home/tsu-nera/repo/bakuchi_production/src/utils/private.py", line 44, in create_buy_order
    order_info = ex.order_buy(amount, ask_for_coincheck)
  File "/home/tsu-nera/repo/bakuchi_production/src/core/exchange_trading.py", line 48, in order_buy
    response = self.client.create_market_buy_order(price)
  File "/home/tsu-nera/repo/bakuchi_production/src/libs/ccxt_client.py", line 114, in create_market_buy_order
    amount=amount)
  File "/home/tsu-nera/miniconda3/envs/bakuchi/lib/python3.7/site-packages/ccxt/base/exchange.py", line 1743, in create_market_buy_order
    return self.create_order(symbol, 'market', 'buy', amount, None, params)
  File "/home/tsu-nera/miniconda3/envs/bakuchi/lib/python3.7/site-packages/ccxt/coincheck.py", line 341, in create_order
    response = self.privatePostExchangeOrders(self.extend(request, params))
  File "/home/tsu-nera/miniconda3/envs/bakuchi/lib/python3.7/site-packages/ccxt/base/exchange.py", line 441, in inner
    return entry(_self, **inner_kwargs)
  File "/home/tsu-nera/miniconda3/envs/bakuchi/lib/python3.7/site-packages/ccxt/coincheck.py", line 381, in request
    response = self.fetch2(path, api, method, params, headers, body)
  File "/home/tsu-nera/miniconda3/envs/bakuchi/lib/python3.7/site-packages/ccxt/base/exchange.py", line 460, in fetch2
    return self.fetch(request['url'], request['method'], request['headers'], request['body'])
  File "/home/tsu-nera/miniconda3/envs/bakuchi/lib/python3.7/site-packages/ccxt/base/exchange.py", line 567, in fetch
    self.handle_rest_errors(http_status_code, http_status_text, http_response, url, method)
  File "/home/tsu-nera/miniconda3/envs/bakuchi/lib/python3.7/site-packages/ccxt/base/exchange.py", line 594, in handle_rest_errors
    raise error(' '.join([method, url, string_code, http_status_text, body]))
ccxt.base.errors.ExchangeNotAvailable: POST https://coincheck.com/api/exchange/orders 400 Bad Request {"success":false,"error":"Amount jpy の所持金額が足りません"}
[INFO:2020-03-21 00:10:28,554] =======================
[INFO:2020-03-21 00:10:28,555] === trading bot end ===
[INFO:2020-03-21 00:10:28,556] =======================
